2025-03-28 23:05:03,008 - ERROR - Error fetching release date for 'War Stories Our Mother Never Told Us': attribute name must be string, not 'int'
2025-03-28 23:05:03,203 - ERROR - Error fetching release date for 'Stephen Fry In America - New World': attribute name must be string, not 'int'
2025-03-28 23:05:03,408 - ERROR - Error fetching release date for 'Sentimentalnyy roman': attribute name must be string, not 'int'
2025-03-28 23:05:03,476 - ERROR - Error fetching release date for '.hack Liminality: In the Case of Mai Minase': attribute name must be string, not 'int'
2025-03-28 23:05:03,651 - ERROR - Error fetching release date for 'Whn the day had no name': attribute name must be string, not 'int'
2025-03-28 23:05:03,677 - ERROR - Error fetching release date for 'Blindpassasjer': attribute name must be string, not 'int'
2025-03-28 23:05:03,686 - ERROR - Error fetching release date for 'Irwin & Fran 2013': attribute name must be string, not 'int'
2025-03-28 23:05:03,717 - ERROR - Error fetching release date for 'Игра на выбывание': attribute name must be string, not 'int'
2025-03-28 23:05:03,742 - ERROR - Error fetching release date for 'The Garden of Afflictions 2017': attribute name must be string, not 'int'
2025-03-28 23:05:03,749 - ERROR - Error fetching release date for 'Winning Favour': attribute name must be string, not 'int'
2025-03-28 23:06:00,448 - ERROR - Error fetching release date for 'War Stories Our Mother Never Told Us': attribute name must be string, not 'int'
2025-03-28 23:06:00,551 - ERROR - Error fetching release date for 'Stephen Fry In America - New World': attribute name must be string, not 'int'
2025-03-28 23:06:00,649 - ERROR - Error fetching release date for 'Sentimentalnyy roman': attribute name must be string, not 'int'
2025-03-28 23:06:00,724 - ERROR - Error fetching release date for '.hack Liminality: In the Case of Mai Minase': attribute name must be string, not 'int'
2025-03-28 23:06:00,743 - ERROR - Error fetching release date for 'Winning Favour': attribute name must be string, not 'int'
2025-03-28 23:06:00,744 - ERROR - Error fetching release date for 'Whn the day had no name': attribute name must be string, not 'int'
2025-03-28 23:06:00,744 - ERROR - Error fetching release date for 'Blindpassasjer': attribute name must be string, not 'int'
2025-03-28 23:06:00,777 - ERROR - Error fetching release date for 'Irwin & Fran 2013': attribute name must be string, not 'int'
2025-03-28 23:06:00,794 - ERROR - Error fetching release date for 'Игра на выбывание': attribute name must be string, not 'int'
2025-03-28 23:06:00,797 - ERROR - Error fetching release date for 'The Garden of Afflictions 2017': attribute name must be string, not 'int'
2025-03-28 23:07:20,254 - ERROR - Error fetching release date for 'War Stories Our Mother Never Told Us': attribute name must be string, not 'int'
2025-03-28 23:07:20,423 - ERROR - Error fetching release date for 'Stephen Fry In America - New World': attribute name must be string, not 'int'
2025-03-28 23:07:20,470 - ERROR - Error fetching release date for 'Sentimentalnyy roman': attribute name must be string, not 'int'
2025-03-28 23:07:20,538 - ERROR - Error fetching release date for '.hack Liminality: In the Case of Mai Minase': attribute name must be string, not 'int'
2025-03-28 23:07:20,621 - ERROR - Error fetching release date for 'Whn the day had no name': attribute name must be string, not 'int'
2025-03-28 23:07:20,621 - ERROR - Error fetching release date for 'Winning Favour': attribute name must be string, not 'int'
2025-03-28 23:07:20,654 - ERROR - Error fetching release date for 'Irwin & Fran 2013': attribute name must be string, not 'int'
2025-03-28 23:07:20,656 - ERROR - Error fetching release date for 'Blindpassasjer': attribute name must be string, not 'int'
2025-03-28 23:07:20,664 - ERROR - Error fetching release date for 'Игра на выбывание': attribute name must be string, not 'int'
2025-03-28 23:07:20,702 - ERROR - Error fetching release date for 'The Garden of Afflictions 2017': attribute name must be string, not 'int'
2025-03-28 23:09:06,208 - ERROR - Error fetching release date for 'War Stories Our Mother Never Told Us': attribute name must be string, not 'int'
2025-03-28 23:09:06,329 - ERROR - Error fetching release date for 'Stephen Fry In America - New World': attribute name must be string, not 'int'
2025-03-28 23:09:06,384 - ERROR - Error fetching release date for 'Sentimentalnyy roman': attribute name must be string, not 'int'
2025-03-28 23:09:06,439 - ERROR - Error fetching release date for '.hack Liminality: In the Case of Mai Minase': attribute name must be string, not 'int'
2025-03-28 23:09:06,526 - ERROR - Error fetching release date for 'Winning Favour': attribute name must be string, not 'int'
2025-03-28 23:09:06,534 - ERROR - Error fetching release date for 'Blindpassasjer': attribute name must be string, not 'int'
2025-03-28 23:09:06,535 - ERROR - Error fetching release date for 'Irwin & Fran 2013': attribute name must be string, not 'int'
2025-03-28 23:09:06,537 - ERROR - Error fetching release date for 'Whn the day had no name': attribute name must be string, not 'int'
2025-03-28 23:09:06,562 - ERROR - Error fetching release date for 'Игра на выбывание': attribute name must be string, not 'int'
2025-03-28 23:09:06,582 - ERROR - Error fetching release date for 'The Garden of Afflictions 2017': attribute name must be string, not 'int'
2025-03-28 23:24:05,167 - ERROR - Error fetching release date for 'War Stories Our Mother Never Told Us': attribute name must be string, not 'int'
2025-03-28 23:24:05,268 - ERROR - Error fetching release date for 'Stephen Fry In America - New World': attribute name must be string, not 'int'
2025-03-28 23:24:05,301 - ERROR - Error fetching release date for 'Sentimentalnyy roman': attribute name must be string, not 'int'
2025-03-28 23:24:05,361 - ERROR - Error fetching release date for '.hack Liminality: In the Case of Mai Minase': attribute name must be string, not 'int'
2025-03-28 23:24:05,455 - ERROR - Error fetching release date for 'Winning Favour': attribute name must be string, not 'int'
2025-03-28 23:24:05,461 - ERROR - Error fetching release date for 'Whn the day had no name': attribute name must be string, not 'int'
2025-03-28 23:24:05,463 - ERROR - Error fetching release date for 'Blindpassasjer': attribute name must be string, not 'int'
2025-03-28 23:24:05,467 - ERROR - Error fetching release date for 'Irwin & Fran 2013': attribute name must be string, not 'int'
2025-03-28 23:24:05,499 - ERROR - Error fetching release date for 'Игра на выбывание': attribute name must be string, not 'int'
2025-03-28 23:24:05,510 - ERROR - Error fetching release date for 'The Garden of Afflictions 2017': attribute name must be string, not 'int'
