2025-03-29 15:56:59,618 - ERROR - Error fetching release date for 'War Stories Our Mother Never Told Us': attribute name must be string, not 'int'
2025-03-29 15:56:59,755 - ERROR - Error fetching release date for 'Stephen Fry In America - New World': attribute name must be string, not 'int'
2025-03-29 15:56:59,813 - ERROR - Error fetching release date for 'Sentimentalnyy roman': attribute name must be string, not 'int'
2025-03-29 15:56:59,895 - ERROR - Error fetching release date for '.hack Liminality: In the Case of Mai Minase': attribute name must be string, not 'int'
2025-03-29 15:57:00,011 - ERROR - Error fetching release date for 'Winning Favour': attribute name must be string, not 'int'
2025-03-29 15:57:00,025 - ERROR - Error fetching release date for 'Whn the day had no name': attribute name must be string, not 'int'
2025-03-29 15:57:00,031 - ERROR - Error fetching release date for 'Blindpassasjer': attribute name must be string, not 'int'
2025-03-29 15:57:00,031 - ERROR - Error fetching release date for 'Irwin & Fran 2013': attribute name must be string, not 'int'
2025-03-29 15:57:00,034 - ERROR - Error fetching release date for 'Игра на выбывание': attribute name must be string, not 'int'
2025-03-29 15:57:00,055 - ERROR - Error fetching release date for 'The Garden of Afflictions 2017': attribute name must be string, not 'int'
2025-03-29 15:58:18,544 - INFO - fact_movies successfully written to MySQL.
2025-03-29 15:58:19,643 - INFO - dim_date successfully written to MySQL.
2025-03-29 15:58:19,816 - INFO - dim_ratings successfully written to MySQL.
2025-03-29 15:58:20,156 - INFO - dim_genre successfully written to MySQL.
2025-03-29 15:58:20,873 - INFO - dim_production_company successfully written to MySQL.
2025-03-29 15:58:21,353 - INFO - dim_production_countries successfully written to MySQL.
2025-03-29 15:58:22,396 - INFO - dim_spoken_language successfully written to MySQL.
2025-03-29 15:58:23,708 - INFO - br_movie_genres successfully written to MySQL.
2025-03-29 15:58:24,914 - INFO - br_movie_companies successfully written to MySQL.
2025-03-29 15:58:25,820 - INFO - br_movie_countries successfully written to MySQL.
2025-03-29 15:58:26,615 - INFO - br_movie_languages successfully written to MySQL.
2025-03-29 15:58:27,405 - INFO - Closing down clientserver connection
2025-03-29 16:06:06,140 - ERROR - Error fetching release date for 'War Stories Our Mother Never Told Us': attribute name must be string, not 'int'
2025-03-29 16:06:06,285 - ERROR - Error fetching release date for 'Stephen Fry In America - New World': attribute name must be string, not 'int'
2025-03-29 16:06:06,485 - ERROR - Error fetching release date for 'Sentimentalnyy roman': attribute name must be string, not 'int'
2025-03-29 16:06:06,676 - ERROR - Error fetching release date for '.hack Liminality: In the Case of Mai Minase': attribute name must be string, not 'int'
2025-03-29 16:06:06,959 - ERROR - Error fetching release date for 'Whn the day had no name': attribute name must be string, not 'int'
2025-03-29 16:06:06,960 - ERROR - Error fetching release date for 'Winning Favour': attribute name must be string, not 'int'
2025-03-29 16:06:06,975 - ERROR - Error fetching release date for 'Irwin & Fran 2013': attribute name must be string, not 'int'
2025-03-29 16:06:06,976 - ERROR - Error fetching release date for 'Blindpassasjer': attribute name must be string, not 'int'
2025-03-29 16:06:07,034 - ERROR - Error fetching release date for 'Игра на выбывание': attribute name must be string, not 'int'
2025-03-29 16:06:07,046 - ERROR - Error fetching release date for 'The Garden of Afflictions 2017': attribute name must be string, not 'int'
2025-03-29 16:06:07,799 - INFO - Successfully cleaned movies_df and saved to CSV.
2025-03-29 16:06:07,904 - INFO - Successfully cleaned movie_extended_df and saved to CSV.
2025-03-29 16:06:07,953 - INFO - Successfully cleaned ratings_df and saved to CSV.
2025-03-29 16:06:47,651 - INFO - 

2025-03-29 16:06:49,610 - ERROR - Error fetching release date for 'War Stories Our Mother Never Told Us': attribute name must be string, not 'int'
2025-03-29 16:06:49,710 - ERROR - Error fetching release date for 'Stephen Fry In America - New World': attribute name must be string, not 'int'
2025-03-29 16:06:49,772 - ERROR - Error fetching release date for 'Sentimentalnyy roman': attribute name must be string, not 'int'
2025-03-29 16:06:49,840 - ERROR - Error fetching release date for '.hack Liminality: In the Case of Mai Minase': attribute name must be string, not 'int'
2025-03-29 16:06:49,931 - ERROR - Error fetching release date for 'Winning Favour': attribute name must be string, not 'int'
2025-03-29 16:06:49,932 - ERROR - Error fetching release date for 'Blindpassasjer': attribute name must be string, not 'int'
2025-03-29 16:06:49,932 - ERROR - Error fetching release date for 'Whn the day had no name': attribute name must be string, not 'int'
2025-03-29 16:06:49,938 - ERROR - Error fetching release date for 'Irwin & Fran 2013': attribute name must be string, not 'int'
2025-03-29 16:06:49,950 - ERROR - Error fetching release date for 'Игра на выбывание': attribute name must be string, not 'int'
2025-03-29 16:06:49,991 - ERROR - Error fetching release date for 'The Garden of Afflictions 2017': attribute name must be string, not 'int'
2025-03-29 16:06:50,650 - INFO - Successfully cleaned movies_df and saved to CSV.
2025-03-29 16:06:50,762 - INFO - Successfully cleaned movie_extended_df and saved to CSV.
2025-03-29 16:06:50,812 - INFO - Successfully cleaned ratings_df and saved to CSV.
2025-04-02 17:11:37,087 - INFO - 

2025-04-02 17:12:14,409 - INFO - 

2025-04-02 17:12:52,584 - INFO - 

2025-04-02 17:13:01,499 - ERROR - Error fetching release date for 'War Stories Our Mother Never Told Us': attribute name must be string, not 'int'
2025-04-02 17:13:01,869 - ERROR - Error fetching release date for 'Stephen Fry In America - New World': attribute name must be string, not 'int'
2025-04-02 17:13:02,015 - ERROR - Error fetching release date for 'Sentimentalnyy roman': attribute name must be string, not 'int'
2025-04-02 17:13:02,263 - ERROR - Error fetching release date for '.hack Liminality: In the Case of Mai Minase': attribute name must be string, not 'int'
2025-04-02 17:13:02,511 - ERROR - Error fetching release date for 'Winning Favour': attribute name must be string, not 'int'
2025-04-02 17:13:02,539 - ERROR - Error fetching release date for 'Whn the day had no name': attribute name must be string, not 'int'
2025-04-02 17:13:02,564 - ERROR - Error fetching release date for 'Irwin & Fran 2013': attribute name must be string, not 'int'
2025-04-02 17:13:02,565 - ERROR - Error fetching release date for 'Blindpassasjer': attribute name must be string, not 'int'
2025-04-02 17:13:02,612 - ERROR - Error fetching release date for 'Игра на выбывание': attribute name must be string, not 'int'
2025-04-02 17:13:02,691 - ERROR - Error fetching release date for 'The Garden of Afflictions 2017': attribute name must be string, not 'int'
2025-04-02 17:13:03,267 - INFO - Successfully cleaned movies_df and saved to CSV.
2025-04-02 17:13:03,374 - INFO - Successfully cleaned movie_extended_df and saved to CSV.
2025-04-02 17:13:03,403 - INFO - Successfully cleaned ratings_df and saved to CSV.
2025-04-02 17:13:13,549 - INFO - fact_movies successfully written to MySQL.
2025-04-02 17:13:14,599 - INFO - dim_date successfully written to MySQL.
2025-04-02 17:13:14,759 - INFO - dim_ratings successfully written to MySQL.
2025-04-02 17:13:15,063 - INFO - dim_genre successfully written to MySQL.
2025-04-02 17:13:15,715 - INFO - dim_production_company successfully written to MySQL.
2025-04-02 17:13:16,141 - INFO - dim_production_countries successfully written to MySQL.
2025-04-02 17:13:17,128 - INFO - dim_spoken_language successfully written to MySQL.
2025-04-02 17:13:18,262 - INFO - br_movie_genres successfully written to MySQL.
2025-04-02 17:13:19,399 - INFO - br_movie_companies successfully written to MySQL.
2025-04-02 17:13:20,293 - INFO - br_movie_countries successfully written to MySQL.
2025-04-02 17:13:21,051 - INFO - br_movie_languages successfully written to MySQL.
2025-04-02 17:13:21,129 - INFO - Closing down clientserver connection
2025-04-02 17:45:26,915 - INFO - Closing down clientserver connection
2025-04-02 22:51:39,524 - INFO - 

2025-04-02 22:51:48,272 - ERROR - Error fetching release date for 'War Stories Our Mother Never Told Us': attribute name must be string, not 'int'
2025-04-02 22:51:48,469 - ERROR - Error fetching release date for 'Sentimentalnyy roman': attribute name must be string, not 'int'
2025-04-02 22:51:48,541 - ERROR - Error fetching release date for '.hack Liminality: In the Case of Mai Minase': attribute name must be string, not 'int'
2025-04-02 22:51:48,656 - ERROR - Error fetching release date for 'Stephen Fry In America - New World': attribute name must be string, not 'int'
2025-04-02 22:51:48,672 - ERROR - Error fetching release date for 'Winning Favour': attribute name must be string, not 'int'
2025-04-02 22:51:48,686 - ERROR - Error fetching release date for 'Whn the day had no name': attribute name must be string, not 'int'
2025-04-02 22:51:48,689 - ERROR - Error fetching release date for 'Blindpassasjer': attribute name must be string, not 'int'
2025-04-02 22:51:48,719 - ERROR - Error fetching release date for 'Irwin & Fran 2013': attribute name must be string, not 'int'
2025-04-02 22:51:48,747 - ERROR - Error fetching release date for 'Игра на выбывание': attribute name must be string, not 'int'
2025-04-02 22:51:49,025 - ERROR - Error fetching release date for 'The Garden of Afflictions 2017': attribute name must be string, not 'int'
2025-04-02 22:51:49,862 - INFO - Successfully cleaned movies_df and saved to Parquet.
2025-04-02 22:51:49,948 - INFO - Successfully cleaned movie_extended_df and saved to Parquet.
2025-04-02 22:51:49,975 - INFO - Successfully cleaned ratings_df and saved to Parquet.
2025-04-02 22:52:09,169 - INFO - Closing down clientserver connection
2025-04-02 22:55:09,565 - INFO - Closing down clientserver connection
2025-04-02 22:55:30,943 - INFO - Closing down clientserver connection
2025-04-02 22:59:36,676 - INFO - Closing down clientserver connection
2025-04-02 23:00:49,390 - INFO - Closing down clientserver connection
2025-04-02 23:04:48,620 - INFO - 

2025-04-02 23:04:57,581 - ERROR - Error fetching release date for 'Stephen Fry In America - New World': attribute name must be string, not 'int'
2025-04-02 23:04:57,632 - ERROR - Error fetching release date for 'Sentimentalnyy roman': attribute name must be string, not 'int'
2025-04-02 23:04:57,709 - ERROR - Error fetching release date for '.hack Liminality: In the Case of Mai Minase': attribute name must be string, not 'int'
2025-04-02 23:04:57,727 - ERROR - Error fetching release date for 'War Stories Our Mother Never Told Us': attribute name must be string, not 'int'
2025-04-02 23:04:57,804 - ERROR - Error fetching release date for 'Blindpassasjer': attribute name must be string, not 'int'
2025-04-02 23:04:57,804 - ERROR - Error fetching release date for 'Whn the day had no name': attribute name must be string, not 'int'
2025-04-02 23:04:57,804 - ERROR - Error fetching release date for 'Winning Favour': attribute name must be string, not 'int'
2025-04-02 23:04:57,828 - ERROR - Error fetching release date for 'Irwin & Fran 2013': attribute name must be string, not 'int'
2025-04-02 23:04:57,846 - ERROR - Error fetching release date for 'Игра на выбывание': attribute name must be string, not 'int'
2025-04-02 23:04:57,869 - ERROR - Error fetching release date for 'The Garden of Afflictions 2017': attribute name must be string, not 'int'
2025-04-02 23:04:58,644 - INFO - Successfully cleaned movies_df and saved to Parquet.
2025-04-02 23:04:58,729 - INFO - Successfully cleaned movie_extended_df and saved to Parquet.
2025-04-02 23:04:58,758 - INFO - Successfully cleaned ratings_df and saved to Parquet.
2025-04-02 23:05:17,830 - INFO - Closing down clientserver connection
2025-04-03 00:01:01,544 - INFO - 

2025-04-03 00:01:10,511 - ERROR - Error fetching release date for 'War Stories Our Mother Never Told Us': attribute name must be string, not 'int'
2025-04-03 00:01:10,643 - ERROR - Error fetching release date for 'Stephen Fry In America - New World': attribute name must be string, not 'int'
2025-04-03 00:01:10,687 - ERROR - Error fetching release date for 'Sentimentalnyy roman': attribute name must be string, not 'int'
2025-04-03 00:01:10,789 - ERROR - Error fetching release date for '.hack Liminality: In the Case of Mai Minase': attribute name must be string, not 'int'
2025-04-03 00:01:10,891 - ERROR - Error fetching release date for 'Whn the day had no name': attribute name must be string, not 'int'
2025-04-03 00:01:10,892 - ERROR - Error fetching release date for 'Winning Favour': attribute name must be string, not 'int'
2025-04-03 00:01:10,927 - ERROR - Error fetching release date for 'Irwin & Fran 2013': attribute name must be string, not 'int'
2025-04-03 00:01:10,954 - ERROR - Error fetching release date for 'Игра на выбывание': attribute name must be string, not 'int'
2025-04-03 00:01:10,989 - ERROR - Error fetching release date for 'The Garden of Afflictions 2017': attribute name must be string, not 'int'
2025-04-03 00:01:11,154 - ERROR - Error fetching release date for 'Blindpassasjer': attribute name must be string, not 'int'
2025-04-03 00:01:33,785 - INFO - 

2025-04-03 00:01:42,531 - ERROR - Error fetching release date for 'War Stories Our Mother Never Told Us': attribute name must be string, not 'int'
2025-04-03 00:01:42,662 - ERROR - Error fetching release date for 'Stephen Fry In America - New World': attribute name must be string, not 'int'
2025-04-03 00:01:42,709 - ERROR - Error fetching release date for 'Sentimentalnyy roman': attribute name must be string, not 'int'
2025-04-03 00:01:42,798 - ERROR - Error fetching release date for '.hack Liminality: In the Case of Mai Minase': attribute name must be string, not 'int'
2025-04-03 00:01:42,888 - ERROR - Error fetching release date for 'Winning Favour': attribute name must be string, not 'int'
2025-04-03 00:01:42,888 - ERROR - Error fetching release date for 'Whn the day had no name': attribute name must be string, not 'int'
2025-04-03 00:01:42,890 - ERROR - Error fetching release date for 'Blindpassasjer': attribute name must be string, not 'int'
2025-04-03 00:01:42,905 - ERROR - Error fetching release date for 'Irwin & Fran 2013': attribute name must be string, not 'int'
2025-04-03 00:01:42,923 - ERROR - Error fetching release date for 'Игра на выбывание': attribute name must be string, not 'int'
2025-04-03 00:01:42,935 - ERROR - Error fetching release date for 'The Garden of Afflictions 2017': attribute name must be string, not 'int'
2025-04-03 00:01:43,498 - INFO - Successfully cleaned movies_df and saved to Parquet.
2025-04-03 00:01:43,583 - INFO - Successfully cleaned movie_extended_df and saved to Parquet.
2025-04-03 00:01:43,611 - INFO - Successfully cleaned ratings_df and saved to Parquet.
2025-04-03 00:02:00,804 - INFO - Closing down clientserver connection
2025-04-03 00:02:36,317 - INFO - Closing down clientserver connection
2025-04-08 08:07:06,329 - INFO - 

2025-04-08 08:07:15,249 - ERROR - Error fetching release date for 'War Stories Our Mother Never Told Us': attribute name must be string, not 'int'
2025-04-08 08:07:15,445 - ERROR - Error fetching release date for 'Stephen Fry In America - New World': attribute name must be string, not 'int'
2025-04-08 08:07:15,524 - ERROR - Error fetching release date for 'Sentimentalnyy roman': attribute name must be string, not 'int'
2025-04-08 08:07:15,614 - ERROR - Error fetching release date for '.hack Liminality: In the Case of Mai Minase': attribute name must be string, not 'int'
2025-04-08 08:07:15,754 - ERROR - Error fetching release date for 'Winning Favour': attribute name must be string, not 'int'
2025-04-08 08:07:15,769 - ERROR - Error fetching release date for 'Blindpassasjer': attribute name must be string, not 'int'
2025-04-08 08:07:15,769 - ERROR - Error fetching release date for 'Whn the day had no name': attribute name must be string, not 'int'
2025-04-08 08:07:15,786 - ERROR - Error fetching release date for 'Irwin & Fran 2013': attribute name must be string, not 'int'
2025-04-08 08:07:15,840 - ERROR - Error fetching release date for 'Игра на выбывание': attribute name must be string, not 'int'
2025-04-08 08:07:15,845 - ERROR - Error fetching release date for 'The Garden of Afflictions 2017': attribute name must be string, not 'int'
2025-04-08 08:07:16,468 - INFO - Successfully cleaned movies_df and saved to Parquet.
2025-04-08 08:07:16,556 - INFO - Successfully cleaned movie_extended_df and saved to Parquet.
2025-04-08 08:07:16,584 - INFO - Successfully cleaned ratings_df and saved to Parquet.
2025-04-08 08:14:27,450 - INFO - 

2025-04-08 08:14:36,375 - ERROR - Error fetching release date for 'War Stories Our Mother Never Told Us': attribute name must be string, not 'int'
2025-04-08 08:14:36,553 - ERROR - Error fetching release date for 'Stephen Fry In America - New World': attribute name must be string, not 'int'
2025-04-08 08:14:36,634 - ERROR - Error fetching release date for 'Sentimentalnyy roman': attribute name must be string, not 'int'
2025-04-08 08:14:36,721 - ERROR - Error fetching release date for '.hack Liminality: In the Case of Mai Minase': attribute name must be string, not 'int'
2025-04-08 08:14:36,874 - ERROR - Error fetching release date for 'Whn the day had no name': attribute name must be string, not 'int'
2025-04-08 08:14:36,874 - ERROR - Error fetching release date for 'Winning Favour': attribute name must be string, not 'int'
2025-04-08 08:14:36,885 - ERROR - Error fetching release date for 'Blindpassasjer': attribute name must be string, not 'int'
2025-04-08 08:14:36,897 - ERROR - Error fetching release date for 'Irwin & Fran 2013': attribute name must be string, not 'int'
2025-04-08 08:14:36,940 - ERROR - Error fetching release date for 'Игра на выбывание': attribute name must be string, not 'int'
2025-04-08 08:14:36,959 - ERROR - Error fetching release date for 'The Garden of Afflictions 2017': attribute name must be string, not 'int'
2025-04-08 08:14:37,595 - INFO - Successfully cleaned movies_df and saved to Parquet.
2025-04-08 08:14:37,679 - INFO - Successfully cleaned movie_extended_df and saved to Parquet.
2025-04-08 08:14:37,707 - INFO - Successfully cleaned ratings_df and saved to Parquet.
2025-04-08 08:17:35,602 - INFO - dim_date successfully upserted to MySQL.
2025-04-08 08:17:36,031 - INFO - dim_genre successfully upserted to MySQL.
2025-04-08 08:17:36,487 - INFO - dim_production_company successfully upserted to MySQL.
2025-04-08 08:17:36,962 - INFO - dim_production_countries successfully upserted to MySQL.
2025-04-08 08:17:38,066 - INFO - dim_spoken_language successfully upserted to MySQL.
2025-04-08 08:17:38,322 - INFO - fact_movies successfully upserted to MySQL.
2025-04-08 08:17:38,455 - INFO - dim_ratings successfully upserted to MySQL.
2025-04-08 08:17:39,015 - INFO - br_movie_genres successfully upserted to MySQL.
2025-04-08 08:17:39,533 - INFO - br_movie_companies successfully upserted to MySQL.
2025-04-08 08:17:40,010 - INFO - br_movie_countries successfully upserted to MySQL.
2025-04-08 08:17:40,379 - INFO - br_movie_languages successfully upserted to MySQL.
2025-04-08 08:17:41,043 - INFO - Closing down clientserver connection
2025-04-08 08:36:40,748 - INFO - Closing down clientserver connection
2025-04-08 08:38:47,272 - INFO - dim_date successfully upserted to MySQL.
2025-04-08 08:38:47,660 - INFO - dim_genre successfully upserted to MySQL.
2025-04-08 08:38:48,109 - INFO - dim_production_company successfully upserted to MySQL.
2025-04-08 08:38:48,609 - INFO - dim_production_countries successfully upserted to MySQL.
2025-04-08 08:38:49,535 - INFO - dim_spoken_language successfully upserted to MySQL.
2025-04-08 08:38:49,796 - INFO - fact_movies successfully upserted to MySQL.
2025-04-08 08:38:49,923 - INFO - dim_ratings successfully upserted to MySQL.
2025-04-08 08:38:50,470 - INFO - br_movie_genres successfully upserted to MySQL.
2025-04-08 08:38:50,929 - INFO - br_movie_companies successfully upserted to MySQL.
2025-04-08 08:38:51,430 - INFO - br_movie_countries successfully upserted to MySQL.
2025-04-08 08:38:51,927 - INFO - br_movie_languages successfully upserted to MySQL.
2025-04-08 08:38:52,888 - INFO - Closing down clientserver connection
2025-04-08 08:42:21,213 - INFO - dim_date successfully upserted to MySQL.
2025-04-08 08:42:21,615 - INFO - dim_genre successfully upserted to MySQL.
2025-04-08 08:42:22,076 - INFO - dim_production_company successfully upserted to MySQL.
2025-04-08 08:42:22,564 - INFO - dim_production_countries successfully upserted to MySQL.
2025-04-08 08:42:23,451 - INFO - dim_spoken_language successfully upserted to MySQL.
2025-04-08 08:42:23,729 - INFO - fact_movies successfully upserted to MySQL.
2025-04-08 08:42:23,860 - INFO - dim_ratings successfully upserted to MySQL.
2025-04-08 08:42:24,463 - INFO - br_movie_genres successfully upserted to MySQL.
2025-04-08 08:42:24,986 - INFO - br_movie_companies successfully upserted to MySQL.
2025-04-08 08:42:25,561 - INFO - br_movie_countries successfully upserted to MySQL.
2025-04-08 08:42:26,081 - INFO - br_movie_languages successfully upserted to MySQL.
2025-04-08 08:42:27,000 - INFO - Closing down clientserver connection
2025-04-08 08:55:46,794 - INFO - 

2025-04-08 08:55:55,862 - ERROR - Error fetching release date for 'War Stories Our Mother Never Told Us': attribute name must be string, not 'int'
2025-04-08 08:55:56,085 - ERROR - Error fetching release date for 'Stephen Fry In America - New World': attribute name must be string, not 'int'
2025-04-08 08:55:56,196 - ERROR - Error fetching release date for 'Sentimentalnyy roman': attribute name must be string, not 'int'
2025-04-08 08:55:56,397 - ERROR - Error fetching release date for '.hack Liminality: In the Case of Mai Minase': attribute name must be string, not 'int'
2025-04-08 08:55:56,510 - ERROR - Error fetching release date for 'Winning Favour': attribute name must be string, not 'int'
2025-04-08 08:55:56,510 - ERROR - Error fetching release date for 'Whn the day had no name': attribute name must be string, not 'int'
2025-04-08 08:55:56,569 - ERROR - Error fetching release date for 'Blindpassasjer': attribute name must be string, not 'int'
2025-04-08 08:55:56,571 - ERROR - Error fetching release date for 'Irwin & Fran 2013': attribute name must be string, not 'int'
2025-04-08 08:55:56,589 - ERROR - Error fetching release date for 'Игра на выбывание': attribute name must be string, not 'int'
2025-04-08 08:55:56,664 - ERROR - Error fetching release date for 'The Garden of Afflictions 2017': attribute name must be string, not 'int'
2025-04-08 08:55:57,244 - INFO - Successfully cleaned movies_df and saved to Parquet.
2025-04-08 08:55:57,283 - INFO - Successfully cleaned movie_extended_df and saved to Parquet.
2025-04-08 08:55:57,300 - INFO - Successfully cleaned ratings_df and saved to Parquet.
2025-04-08 08:56:10,987 - INFO - dim_date successfully upserted to MySQL.
2025-04-08 08:56:11,338 - INFO - dim_genre successfully upserted to MySQL.
2025-04-08 08:56:11,767 - INFO - dim_production_company successfully upserted to MySQL.
2025-04-08 08:56:12,260 - INFO - dim_production_countries successfully upserted to MySQL.
2025-04-08 08:56:13,258 - INFO - dim_spoken_language successfully upserted to MySQL.
2025-04-08 08:56:13,514 - INFO - fact_movies successfully upserted to MySQL.
2025-04-08 08:56:13,654 - INFO - dim_ratings successfully upserted to MySQL.
2025-04-08 08:56:14,194 - INFO - br_movie_genres successfully upserted to MySQL.
2025-04-08 08:56:14,676 - INFO - br_movie_companies successfully upserted to MySQL.
2025-04-08 08:56:15,195 - INFO - br_movie_countries successfully upserted to MySQL.
2025-04-08 08:56:15,681 - INFO - br_movie_languages successfully upserted to MySQL.
2025-04-08 08:56:16,653 - INFO - Closing down clientserver connection
2025-04-08 08:59:52,578 - ERROR - Error processing dim_date: [DATATYPE_MISMATCH.UNEXPECTED_INPUT_TYPE] Cannot resolve "isnan(is_weekend)" due to data type mismatch: Parameter 1 requires the ("DOUBLE" or "FLOAT") type, however "is_weekend" has the type "BOOLEAN".;
'Project [CASE WHEN (isnan(cast(date_id#33 as double)) OR isnull(date_id#33)) THEN cast(null as int) ELSE date_id#33 END AS date_id#209, CASE WHEN (isnan(cast(full_date#43 as double)) OR isnull(full_date#43)) THEN cast(null as string) ELSE full_date#43 END AS full_date#210, CASE WHEN (isnan(cast(year#34 as double)) OR isnull(year#34)) THEN cast(null as int) ELSE year#34 END AS year#211, CASE WHEN (isnan(cast(quarter#35 as double)) OR isnull(quarter#35)) THEN cast(null as int) ELSE quarter#35 END AS quarter#212, CASE WHEN (isnan(cast(month#36 as double)) OR isnull(month#36)) THEN cast(null as int) ELSE month#36 END AS month#213, CASE WHEN (isnan(cast(month_name#37 as double)) OR isnull(month_name#37)) THEN cast(null as string) ELSE month_name#37 END AS month_name#214, CASE WHEN (isnan(cast(day#38 as double)) OR isnull(day#38)) THEN cast(null as int) ELSE day#38 END AS day#215, CASE WHEN (isnan(cast(week_of_year#39 as double)) OR isnull(week_of_year#39)) THEN cast(null as int) ELSE week_of_year#39 END AS week_of_year#216, CASE WHEN (isnan(cast(day_of_week#40 as double)) OR isnull(day_of_week#40)) THEN cast(null as int) ELSE day_of_week#40 END AS day_of_week#217, CASE WHEN (isnan(cast(day_name#41 as double)) OR isnull(day_name#41)) THEN cast(null as string) ELSE day_name#41 END AS day_name#218, CASE WHEN (isnan(is_weekend#42) OR isnull(is_weekend#42)) THEN null ELSE is_weekend#42 END AS is_weekend#219]
+- Project [cast(date_format(cast(full_date#30 as timestamp), yyyyMMdd, Some(Asia/Manila)) as int) AS date_id#33, cast(full_date#30 as string) AS full_date#43, year(full_date#30) AS year#34, quarter(full_date#30) AS quarter#35, month(full_date#30) AS month#36, date_format(cast(full_date#30 as timestamp), MMMM, Some(Asia/Manila)) AS month_name#37, dayofmonth(full_date#30) AS day#38, weekofyear(full_date#30) AS week_of_year#39, dayofweek(full_date#30) AS day_of_week#40, date_format(cast(full_date#30 as timestamp), EEEE, Some(Asia/Manila)) AS day_name#41, cast((dayofweek(full_date#30) >= 6) as boolean) AS is_weekend#42]
   +- Sort [full_date#30 ASC NULLS FIRST], true
      +- Deduplicate [full_date#30]
         +- Filter isnotnull(full_date#30)
            +- Project [to_date(release_date#2, None, Some(Asia/Manila), false) AS full_date#30]
               +- Relation [id#0,title#1,release_date#2,budget#3L,revenue#4] parquet

2025-04-08 08:59:54,646 - INFO - dim_genre successfully upserted to MySQL.
2025-04-08 08:59:55,178 - INFO - dim_production_company successfully upserted to MySQL.
2025-04-08 08:59:55,698 - INFO - dim_production_countries successfully upserted to MySQL.
2025-04-08 08:59:56,733 - INFO - dim_spoken_language successfully upserted to MySQL.
2025-04-08 08:59:57,086 - INFO - fact_movies successfully upserted to MySQL.
2025-04-08 08:59:57,227 - INFO - dim_ratings successfully upserted to MySQL.
2025-04-08 08:59:57,776 - INFO - br_movie_genres successfully upserted to MySQL.
2025-04-08 08:59:58,313 - INFO - br_movie_companies successfully upserted to MySQL.
2025-04-08 08:59:58,905 - INFO - br_movie_countries successfully upserted to MySQL.
2025-04-08 08:59:59,399 - INFO - br_movie_languages successfully upserted to MySQL.
2025-04-08 09:00:00,360 - INFO - Closing down clientserver connection
2025-04-08 09:00:11,352 - INFO - dim_date successfully upserted to MySQL.
2025-04-08 09:00:11,712 - INFO - dim_genre successfully upserted to MySQL.
2025-04-08 09:00:12,136 - INFO - dim_production_company successfully upserted to MySQL.
2025-04-08 09:00:12,610 - INFO - dim_production_countries successfully upserted to MySQL.
2025-04-08 09:00:13,725 - INFO - dim_spoken_language successfully upserted to MySQL.
2025-04-08 09:00:13,981 - INFO - fact_movies successfully upserted to MySQL.
2025-04-08 09:00:14,111 - INFO - dim_ratings successfully upserted to MySQL.
2025-04-08 09:00:14,672 - INFO - br_movie_genres successfully upserted to MySQL.
2025-04-08 09:00:15,156 - INFO - br_movie_companies successfully upserted to MySQL.
2025-04-08 09:00:15,724 - INFO - br_movie_countries successfully upserted to MySQL.
2025-04-08 09:00:16,208 - INFO - br_movie_languages successfully upserted to MySQL.
2025-04-08 09:00:17,179 - INFO - Closing down clientserver connection
2025-04-08 09:01:24,830 - ERROR - Error processing dim_date: An error occurred while calling o352.and. Trace:
py4j.Py4JException: Method and([class java.lang.Boolean]) does not exist
	at py4j.reflection.ReflectionEngine.getMethod(ReflectionEngine.java:321)
	at py4j.reflection.ReflectionEngine.getMethod(ReflectionEngine.java:329)
	at py4j.Gateway.invoke(Gateway.java:274)
	at py4j.commands.AbstractCommand.invokeMethod(AbstractCommand.java:132)
	at py4j.commands.CallCommand.execute(CallCommand.java:79)
	at py4j.ClientServerConnection.waitForCommands(ClientServerConnection.java:182)
	at py4j.ClientServerConnection.run(ClientServerConnection.java:106)
	at java.base/java.lang.Thread.run(Thread.java:833)


2025-04-08 09:01:24,835 - ERROR - Error processing dim_genre: An error occurred while calling o358.and. Trace:
py4j.Py4JException: Method and([class java.lang.Boolean]) does not exist
	at py4j.reflection.ReflectionEngine.getMethod(ReflectionEngine.java:321)
	at py4j.reflection.ReflectionEngine.getMethod(ReflectionEngine.java:329)
	at py4j.Gateway.invoke(Gateway.java:274)
	at py4j.commands.AbstractCommand.invokeMethod(AbstractCommand.java:132)
	at py4j.commands.CallCommand.execute(CallCommand.java:79)
	at py4j.ClientServerConnection.waitForCommands(ClientServerConnection.java:182)
	at py4j.ClientServerConnection.run(ClientServerConnection.java:106)
	at java.base/java.lang.Thread.run(Thread.java:833)


2025-04-08 09:01:24,839 - ERROR - Error processing dim_production_company: An error occurred while calling o364.and. Trace:
py4j.Py4JException: Method and([class java.lang.Boolean]) does not exist
	at py4j.reflection.ReflectionEngine.getMethod(ReflectionEngine.java:321)
	at py4j.reflection.ReflectionEngine.getMethod(ReflectionEngine.java:329)
	at py4j.Gateway.invoke(Gateway.java:274)
	at py4j.commands.AbstractCommand.invokeMethod(AbstractCommand.java:132)
	at py4j.commands.CallCommand.execute(CallCommand.java:79)
	at py4j.ClientServerConnection.waitForCommands(ClientServerConnection.java:182)
	at py4j.ClientServerConnection.run(ClientServerConnection.java:106)
	at java.base/java.lang.Thread.run(Thread.java:833)


2025-04-08 09:01:24,844 - ERROR - Error processing dim_production_countries: An error occurred while calling o370.and. Trace:
py4j.Py4JException: Method and([class java.lang.Boolean]) does not exist
	at py4j.reflection.ReflectionEngine.getMethod(ReflectionEngine.java:321)
	at py4j.reflection.ReflectionEngine.getMethod(ReflectionEngine.java:329)
	at py4j.Gateway.invoke(Gateway.java:274)
	at py4j.commands.AbstractCommand.invokeMethod(AbstractCommand.java:132)
	at py4j.commands.CallCommand.execute(CallCommand.java:79)
	at py4j.ClientServerConnection.waitForCommands(ClientServerConnection.java:182)
	at py4j.ClientServerConnection.run(ClientServerConnection.java:106)
	at java.base/java.lang.Thread.run(Thread.java:833)


2025-04-08 09:01:24,848 - ERROR - Error processing dim_spoken_language: An error occurred while calling o376.and. Trace:
py4j.Py4JException: Method and([class java.lang.Boolean]) does not exist
	at py4j.reflection.ReflectionEngine.getMethod(ReflectionEngine.java:321)
	at py4j.reflection.ReflectionEngine.getMethod(ReflectionEngine.java:329)
	at py4j.Gateway.invoke(Gateway.java:274)
	at py4j.commands.AbstractCommand.invokeMethod(AbstractCommand.java:132)
	at py4j.commands.CallCommand.execute(CallCommand.java:79)
	at py4j.ClientServerConnection.waitForCommands(ClientServerConnection.java:182)
	at py4j.ClientServerConnection.run(ClientServerConnection.java:106)
	at java.base/java.lang.Thread.run(Thread.java:833)


2025-04-08 09:01:24,852 - ERROR - Error processing fact_movies: An error occurred while calling o382.and. Trace:
py4j.Py4JException: Method and([class java.lang.Boolean]) does not exist
	at py4j.reflection.ReflectionEngine.getMethod(ReflectionEngine.java:321)
	at py4j.reflection.ReflectionEngine.getMethod(ReflectionEngine.java:329)
	at py4j.Gateway.invoke(Gateway.java:274)
	at py4j.commands.AbstractCommand.invokeMethod(AbstractCommand.java:132)
	at py4j.commands.CallCommand.execute(CallCommand.java:79)
	at py4j.ClientServerConnection.waitForCommands(ClientServerConnection.java:182)
	at py4j.ClientServerConnection.run(ClientServerConnection.java:106)
	at java.base/java.lang.Thread.run(Thread.java:833)


2025-04-08 09:01:24,856 - ERROR - Error processing dim_ratings: An error occurred while calling o388.and. Trace:
py4j.Py4JException: Method and([class java.lang.Boolean]) does not exist
	at py4j.reflection.ReflectionEngine.getMethod(ReflectionEngine.java:321)
	at py4j.reflection.ReflectionEngine.getMethod(ReflectionEngine.java:329)
	at py4j.Gateway.invoke(Gateway.java:274)
	at py4j.commands.AbstractCommand.invokeMethod(AbstractCommand.java:132)
	at py4j.commands.CallCommand.execute(CallCommand.java:79)
	at py4j.ClientServerConnection.waitForCommands(ClientServerConnection.java:182)
	at py4j.ClientServerConnection.run(ClientServerConnection.java:106)
	at java.base/java.lang.Thread.run(Thread.java:833)


2025-04-08 09:01:24,860 - ERROR - Error processing br_movie_genres: An error occurred while calling o394.and. Trace:
py4j.Py4JException: Method and([class java.lang.Boolean]) does not exist
	at py4j.reflection.ReflectionEngine.getMethod(ReflectionEngine.java:321)
	at py4j.reflection.ReflectionEngine.getMethod(ReflectionEngine.java:329)
	at py4j.Gateway.invoke(Gateway.java:274)
	at py4j.commands.AbstractCommand.invokeMethod(AbstractCommand.java:132)
	at py4j.commands.CallCommand.execute(CallCommand.java:79)
	at py4j.ClientServerConnection.waitForCommands(ClientServerConnection.java:182)
	at py4j.ClientServerConnection.run(ClientServerConnection.java:106)
	at java.base/java.lang.Thread.run(Thread.java:833)


2025-04-08 09:01:24,864 - ERROR - Error processing br_movie_companies: An error occurred while calling o400.and. Trace:
py4j.Py4JException: Method and([class java.lang.Boolean]) does not exist
	at py4j.reflection.ReflectionEngine.getMethod(ReflectionEngine.java:321)
	at py4j.reflection.ReflectionEngine.getMethod(ReflectionEngine.java:329)
	at py4j.Gateway.invoke(Gateway.java:274)
	at py4j.commands.AbstractCommand.invokeMethod(AbstractCommand.java:132)
	at py4j.commands.CallCommand.execute(CallCommand.java:79)
	at py4j.ClientServerConnection.waitForCommands(ClientServerConnection.java:182)
	at py4j.ClientServerConnection.run(ClientServerConnection.java:106)
	at java.base/java.lang.Thread.run(Thread.java:833)


2025-04-08 09:01:24,868 - ERROR - Error processing br_movie_countries: An error occurred while calling o406.and. Trace:
py4j.Py4JException: Method and([class java.lang.Boolean]) does not exist
	at py4j.reflection.ReflectionEngine.getMethod(ReflectionEngine.java:321)
	at py4j.reflection.ReflectionEngine.getMethod(ReflectionEngine.java:329)
	at py4j.Gateway.invoke(Gateway.java:274)
	at py4j.commands.AbstractCommand.invokeMethod(AbstractCommand.java:132)
	at py4j.commands.CallCommand.execute(CallCommand.java:79)
	at py4j.ClientServerConnection.waitForCommands(ClientServerConnection.java:182)
	at py4j.ClientServerConnection.run(ClientServerConnection.java:106)
	at java.base/java.lang.Thread.run(Thread.java:833)


2025-04-08 09:01:24,872 - ERROR - Error processing br_movie_languages: An error occurred while calling o412.and. Trace:
py4j.Py4JException: Method and([class java.lang.Boolean]) does not exist
	at py4j.reflection.ReflectionEngine.getMethod(ReflectionEngine.java:321)
	at py4j.reflection.ReflectionEngine.getMethod(ReflectionEngine.java:329)
	at py4j.Gateway.invoke(Gateway.java:274)
	at py4j.commands.AbstractCommand.invokeMethod(AbstractCommand.java:132)
	at py4j.commands.CallCommand.execute(CallCommand.java:79)
	at py4j.ClientServerConnection.waitForCommands(ClientServerConnection.java:182)
	at py4j.ClientServerConnection.run(ClientServerConnection.java:106)
	at java.base/java.lang.Thread.run(Thread.java:833)


2025-04-08 09:01:25,037 - INFO - Closing down clientserver connection
2025-04-08 09:01:48,224 - INFO - dim_date successfully upserted to MySQL.
2025-04-08 09:01:48,808 - INFO - dim_genre successfully upserted to MySQL.
2025-04-08 09:01:49,215 - INFO - dim_production_company successfully upserted to MySQL.
2025-04-08 09:01:49,664 - INFO - dim_production_countries successfully upserted to MySQL.
2025-04-08 09:01:50,603 - INFO - dim_spoken_language successfully upserted to MySQL.
2025-04-08 09:01:50,866 - INFO - fact_movies successfully upserted to MySQL.
2025-04-08 09:01:51,013 - INFO - dim_ratings successfully upserted to MySQL.
2025-04-08 09:01:51,560 - INFO - br_movie_genres successfully upserted to MySQL.
2025-04-08 09:01:52,031 - INFO - br_movie_companies successfully upserted to MySQL.
2025-04-08 09:01:52,564 - INFO - br_movie_countries successfully upserted to MySQL.
2025-04-08 09:01:53,065 - INFO - br_movie_languages successfully upserted to MySQL.
2025-04-08 09:01:54,036 - INFO - Closing down clientserver connection
2025-04-08 09:02:50,094 - ERROR - Error processing dim_date: An error occurred while calling o352.and. Trace:
py4j.Py4JException: Method and([class java.lang.Boolean]) does not exist
	at py4j.reflection.ReflectionEngine.getMethod(ReflectionEngine.java:321)
	at py4j.reflection.ReflectionEngine.getMethod(ReflectionEngine.java:329)
	at py4j.Gateway.invoke(Gateway.java:274)
	at py4j.commands.AbstractCommand.invokeMethod(AbstractCommand.java:132)
	at py4j.commands.CallCommand.execute(CallCommand.java:79)
	at py4j.ClientServerConnection.waitForCommands(ClientServerConnection.java:182)
	at py4j.ClientServerConnection.run(ClientServerConnection.java:106)
	at java.base/java.lang.Thread.run(Thread.java:833)


2025-04-08 09:02:50,098 - ERROR - Error processing dim_genre: An error occurred while calling o358.and. Trace:
py4j.Py4JException: Method and([class java.lang.Boolean]) does not exist
	at py4j.reflection.ReflectionEngine.getMethod(ReflectionEngine.java:321)
	at py4j.reflection.ReflectionEngine.getMethod(ReflectionEngine.java:329)
	at py4j.Gateway.invoke(Gateway.java:274)
	at py4j.commands.AbstractCommand.invokeMethod(AbstractCommand.java:132)
	at py4j.commands.CallCommand.execute(CallCommand.java:79)
	at py4j.ClientServerConnection.waitForCommands(ClientServerConnection.java:182)
	at py4j.ClientServerConnection.run(ClientServerConnection.java:106)
	at java.base/java.lang.Thread.run(Thread.java:833)


2025-04-08 09:02:50,101 - ERROR - Error processing dim_production_company: An error occurred while calling o364.and. Trace:
py4j.Py4JException: Method and([class java.lang.Boolean]) does not exist
	at py4j.reflection.ReflectionEngine.getMethod(ReflectionEngine.java:321)
	at py4j.reflection.ReflectionEngine.getMethod(ReflectionEngine.java:329)
	at py4j.Gateway.invoke(Gateway.java:274)
	at py4j.commands.AbstractCommand.invokeMethod(AbstractCommand.java:132)
	at py4j.commands.CallCommand.execute(CallCommand.java:79)
	at py4j.ClientServerConnection.waitForCommands(ClientServerConnection.java:182)
	at py4j.ClientServerConnection.run(ClientServerConnection.java:106)
	at java.base/java.lang.Thread.run(Thread.java:833)


2025-04-08 09:02:50,104 - ERROR - Error processing dim_production_countries: An error occurred while calling o370.and. Trace:
py4j.Py4JException: Method and([class java.lang.Boolean]) does not exist
	at py4j.reflection.ReflectionEngine.getMethod(ReflectionEngine.java:321)
	at py4j.reflection.ReflectionEngine.getMethod(ReflectionEngine.java:329)
	at py4j.Gateway.invoke(Gateway.java:274)
	at py4j.commands.AbstractCommand.invokeMethod(AbstractCommand.java:132)
	at py4j.commands.CallCommand.execute(CallCommand.java:79)
	at py4j.ClientServerConnection.waitForCommands(ClientServerConnection.java:182)
	at py4j.ClientServerConnection.run(ClientServerConnection.java:106)
	at java.base/java.lang.Thread.run(Thread.java:833)


2025-04-08 09:02:50,109 - ERROR - Error processing dim_spoken_language: An error occurred while calling o376.and. Trace:
py4j.Py4JException: Method and([class java.lang.Boolean]) does not exist
	at py4j.reflection.ReflectionEngine.getMethod(ReflectionEngine.java:321)
	at py4j.reflection.ReflectionEngine.getMethod(ReflectionEngine.java:329)
	at py4j.Gateway.invoke(Gateway.java:274)
	at py4j.commands.AbstractCommand.invokeMethod(AbstractCommand.java:132)
	at py4j.commands.CallCommand.execute(CallCommand.java:79)
	at py4j.ClientServerConnection.waitForCommands(ClientServerConnection.java:182)
	at py4j.ClientServerConnection.run(ClientServerConnection.java:106)
	at java.base/java.lang.Thread.run(Thread.java:833)


2025-04-08 09:02:50,112 - ERROR - Error processing fact_movies: An error occurred while calling o382.and. Trace:
py4j.Py4JException: Method and([class java.lang.Boolean]) does not exist
	at py4j.reflection.ReflectionEngine.getMethod(ReflectionEngine.java:321)
	at py4j.reflection.ReflectionEngine.getMethod(ReflectionEngine.java:329)
	at py4j.Gateway.invoke(Gateway.java:274)
	at py4j.commands.AbstractCommand.invokeMethod(AbstractCommand.java:132)
	at py4j.commands.CallCommand.execute(CallCommand.java:79)
	at py4j.ClientServerConnection.waitForCommands(ClientServerConnection.java:182)
	at py4j.ClientServerConnection.run(ClientServerConnection.java:106)
	at java.base/java.lang.Thread.run(Thread.java:833)


2025-04-08 09:02:50,117 - ERROR - Error processing dim_ratings: An error occurred while calling o388.and. Trace:
py4j.Py4JException: Method and([class java.lang.Boolean]) does not exist
	at py4j.reflection.ReflectionEngine.getMethod(ReflectionEngine.java:321)
	at py4j.reflection.ReflectionEngine.getMethod(ReflectionEngine.java:329)
	at py4j.Gateway.invoke(Gateway.java:274)
	at py4j.commands.AbstractCommand.invokeMethod(AbstractCommand.java:132)
	at py4j.commands.CallCommand.execute(CallCommand.java:79)
	at py4j.ClientServerConnection.waitForCommands(ClientServerConnection.java:182)
	at py4j.ClientServerConnection.run(ClientServerConnection.java:106)
	at java.base/java.lang.Thread.run(Thread.java:833)


2025-04-08 09:02:50,121 - ERROR - Error processing br_movie_genres: An error occurred while calling o394.and. Trace:
py4j.Py4JException: Method and([class java.lang.Boolean]) does not exist
	at py4j.reflection.ReflectionEngine.getMethod(ReflectionEngine.java:321)
	at py4j.reflection.ReflectionEngine.getMethod(ReflectionEngine.java:329)
	at py4j.Gateway.invoke(Gateway.java:274)
	at py4j.commands.AbstractCommand.invokeMethod(AbstractCommand.java:132)
	at py4j.commands.CallCommand.execute(CallCommand.java:79)
	at py4j.ClientServerConnection.waitForCommands(ClientServerConnection.java:182)
	at py4j.ClientServerConnection.run(ClientServerConnection.java:106)
	at java.base/java.lang.Thread.run(Thread.java:833)


2025-04-08 09:02:50,125 - ERROR - Error processing br_movie_companies: An error occurred while calling o400.and. Trace:
py4j.Py4JException: Method and([class java.lang.Boolean]) does not exist
	at py4j.reflection.ReflectionEngine.getMethod(ReflectionEngine.java:321)
	at py4j.reflection.ReflectionEngine.getMethod(ReflectionEngine.java:329)
	at py4j.Gateway.invoke(Gateway.java:274)
	at py4j.commands.AbstractCommand.invokeMethod(AbstractCommand.java:132)
	at py4j.commands.CallCommand.execute(CallCommand.java:79)
	at py4j.ClientServerConnection.waitForCommands(ClientServerConnection.java:182)
	at py4j.ClientServerConnection.run(ClientServerConnection.java:106)
	at java.base/java.lang.Thread.run(Thread.java:833)


2025-04-08 09:02:50,129 - ERROR - Error processing br_movie_countries: An error occurred while calling o406.and. Trace:
py4j.Py4JException: Method and([class java.lang.Boolean]) does not exist
	at py4j.reflection.ReflectionEngine.getMethod(ReflectionEngine.java:321)
	at py4j.reflection.ReflectionEngine.getMethod(ReflectionEngine.java:329)
	at py4j.Gateway.invoke(Gateway.java:274)
	at py4j.commands.AbstractCommand.invokeMethod(AbstractCommand.java:132)
	at py4j.commands.CallCommand.execute(CallCommand.java:79)
	at py4j.ClientServerConnection.waitForCommands(ClientServerConnection.java:182)
	at py4j.ClientServerConnection.run(ClientServerConnection.java:106)
	at java.base/java.lang.Thread.run(Thread.java:833)


2025-04-08 09:02:50,133 - ERROR - Error processing br_movie_languages: An error occurred while calling o412.and. Trace:
py4j.Py4JException: Method and([class java.lang.Boolean]) does not exist
	at py4j.reflection.ReflectionEngine.getMethod(ReflectionEngine.java:321)
	at py4j.reflection.ReflectionEngine.getMethod(ReflectionEngine.java:329)
	at py4j.Gateway.invoke(Gateway.java:274)
	at py4j.commands.AbstractCommand.invokeMethod(AbstractCommand.java:132)
	at py4j.commands.CallCommand.execute(CallCommand.java:79)
	at py4j.ClientServerConnection.waitForCommands(ClientServerConnection.java:182)
	at py4j.ClientServerConnection.run(ClientServerConnection.java:106)
	at java.base/java.lang.Thread.run(Thread.java:833)


2025-04-08 09:02:50,230 - INFO - Closing down clientserver connection
2025-04-08 09:03:26,216 - ERROR - Error processing dim_date: An error occurred while calling o352.and. Trace:
py4j.Py4JException: Method and([class java.lang.Boolean]) does not exist
	at py4j.reflection.ReflectionEngine.getMethod(ReflectionEngine.java:321)
	at py4j.reflection.ReflectionEngine.getMethod(ReflectionEngine.java:329)
	at py4j.Gateway.invoke(Gateway.java:274)
	at py4j.commands.AbstractCommand.invokeMethod(AbstractCommand.java:132)
	at py4j.commands.CallCommand.execute(CallCommand.java:79)
	at py4j.ClientServerConnection.waitForCommands(ClientServerConnection.java:182)
	at py4j.ClientServerConnection.run(ClientServerConnection.java:106)
	at java.base/java.lang.Thread.run(Thread.java:833)


2025-04-08 09:03:26,221 - ERROR - Error processing dim_genre: An error occurred while calling o358.and. Trace:
py4j.Py4JException: Method and([class java.lang.Boolean]) does not exist
	at py4j.reflection.ReflectionEngine.getMethod(ReflectionEngine.java:321)
	at py4j.reflection.ReflectionEngine.getMethod(ReflectionEngine.java:329)
	at py4j.Gateway.invoke(Gateway.java:274)
	at py4j.commands.AbstractCommand.invokeMethod(AbstractCommand.java:132)
	at py4j.commands.CallCommand.execute(CallCommand.java:79)
	at py4j.ClientServerConnection.waitForCommands(ClientServerConnection.java:182)
	at py4j.ClientServerConnection.run(ClientServerConnection.java:106)
	at java.base/java.lang.Thread.run(Thread.java:833)


2025-04-08 09:03:26,226 - ERROR - Error processing dim_production_company: An error occurred while calling o364.and. Trace:
py4j.Py4JException: Method and([class java.lang.Boolean]) does not exist
	at py4j.reflection.ReflectionEngine.getMethod(ReflectionEngine.java:321)
	at py4j.reflection.ReflectionEngine.getMethod(ReflectionEngine.java:329)
	at py4j.Gateway.invoke(Gateway.java:274)
	at py4j.commands.AbstractCommand.invokeMethod(AbstractCommand.java:132)
	at py4j.commands.CallCommand.execute(CallCommand.java:79)
	at py4j.ClientServerConnection.waitForCommands(ClientServerConnection.java:182)
	at py4j.ClientServerConnection.run(ClientServerConnection.java:106)
	at java.base/java.lang.Thread.run(Thread.java:833)


2025-04-08 09:03:26,231 - ERROR - Error processing dim_production_countries: An error occurred while calling o370.and. Trace:
py4j.Py4JException: Method and([class java.lang.Boolean]) does not exist
	at py4j.reflection.ReflectionEngine.getMethod(ReflectionEngine.java:321)
	at py4j.reflection.ReflectionEngine.getMethod(ReflectionEngine.java:329)
	at py4j.Gateway.invoke(Gateway.java:274)
	at py4j.commands.AbstractCommand.invokeMethod(AbstractCommand.java:132)
	at py4j.commands.CallCommand.execute(CallCommand.java:79)
	at py4j.ClientServerConnection.waitForCommands(ClientServerConnection.java:182)
	at py4j.ClientServerConnection.run(ClientServerConnection.java:106)
	at java.base/java.lang.Thread.run(Thread.java:833)


2025-04-08 09:03:26,236 - ERROR - Error processing dim_spoken_language: An error occurred while calling o376.and. Trace:
py4j.Py4JException: Method and([class java.lang.Boolean]) does not exist
	at py4j.reflection.ReflectionEngine.getMethod(ReflectionEngine.java:321)
	at py4j.reflection.ReflectionEngine.getMethod(ReflectionEngine.java:329)
	at py4j.Gateway.invoke(Gateway.java:274)
	at py4j.commands.AbstractCommand.invokeMethod(AbstractCommand.java:132)
	at py4j.commands.CallCommand.execute(CallCommand.java:79)
	at py4j.ClientServerConnection.waitForCommands(ClientServerConnection.java:182)
	at py4j.ClientServerConnection.run(ClientServerConnection.java:106)
	at java.base/java.lang.Thread.run(Thread.java:833)


2025-04-08 09:03:26,240 - ERROR - Error processing fact_movies: An error occurred while calling o382.and. Trace:
py4j.Py4JException: Method and([class java.lang.Boolean]) does not exist
	at py4j.reflection.ReflectionEngine.getMethod(ReflectionEngine.java:321)
	at py4j.reflection.ReflectionEngine.getMethod(ReflectionEngine.java:329)
	at py4j.Gateway.invoke(Gateway.java:274)
	at py4j.commands.AbstractCommand.invokeMethod(AbstractCommand.java:132)
	at py4j.commands.CallCommand.execute(CallCommand.java:79)
	at py4j.ClientServerConnection.waitForCommands(ClientServerConnection.java:182)
	at py4j.ClientServerConnection.run(ClientServerConnection.java:106)
	at java.base/java.lang.Thread.run(Thread.java:833)


2025-04-08 09:03:26,244 - ERROR - Error processing dim_ratings: An error occurred while calling o388.and. Trace:
py4j.Py4JException: Method and([class java.lang.Boolean]) does not exist
	at py4j.reflection.ReflectionEngine.getMethod(ReflectionEngine.java:321)
	at py4j.reflection.ReflectionEngine.getMethod(ReflectionEngine.java:329)
	at py4j.Gateway.invoke(Gateway.java:274)
	at py4j.commands.AbstractCommand.invokeMethod(AbstractCommand.java:132)
	at py4j.commands.CallCommand.execute(CallCommand.java:79)
	at py4j.ClientServerConnection.waitForCommands(ClientServerConnection.java:182)
	at py4j.ClientServerConnection.run(ClientServerConnection.java:106)
	at java.base/java.lang.Thread.run(Thread.java:833)


2025-04-08 09:03:26,249 - ERROR - Error processing br_movie_genres: An error occurred while calling o394.and. Trace:
py4j.Py4JException: Method and([class java.lang.Boolean]) does not exist
	at py4j.reflection.ReflectionEngine.getMethod(ReflectionEngine.java:321)
	at py4j.reflection.ReflectionEngine.getMethod(ReflectionEngine.java:329)
	at py4j.Gateway.invoke(Gateway.java:274)
	at py4j.commands.AbstractCommand.invokeMethod(AbstractCommand.java:132)
	at py4j.commands.CallCommand.execute(CallCommand.java:79)
	at py4j.ClientServerConnection.waitForCommands(ClientServerConnection.java:182)
	at py4j.ClientServerConnection.run(ClientServerConnection.java:106)
	at java.base/java.lang.Thread.run(Thread.java:833)


2025-04-08 09:03:26,253 - ERROR - Error processing br_movie_companies: An error occurred while calling o400.and. Trace:
py4j.Py4JException: Method and([class java.lang.Boolean]) does not exist
	at py4j.reflection.ReflectionEngine.getMethod(ReflectionEngine.java:321)
	at py4j.reflection.ReflectionEngine.getMethod(ReflectionEngine.java:329)
	at py4j.Gateway.invoke(Gateway.java:274)
	at py4j.commands.AbstractCommand.invokeMethod(AbstractCommand.java:132)
	at py4j.commands.CallCommand.execute(CallCommand.java:79)
	at py4j.ClientServerConnection.waitForCommands(ClientServerConnection.java:182)
	at py4j.ClientServerConnection.run(ClientServerConnection.java:106)
	at java.base/java.lang.Thread.run(Thread.java:833)


2025-04-08 09:03:26,256 - ERROR - Error processing br_movie_countries: An error occurred while calling o406.and. Trace:
py4j.Py4JException: Method and([class java.lang.Boolean]) does not exist
	at py4j.reflection.ReflectionEngine.getMethod(ReflectionEngine.java:321)
	at py4j.reflection.ReflectionEngine.getMethod(ReflectionEngine.java:329)
	at py4j.Gateway.invoke(Gateway.java:274)
	at py4j.commands.AbstractCommand.invokeMethod(AbstractCommand.java:132)
	at py4j.commands.CallCommand.execute(CallCommand.java:79)
	at py4j.ClientServerConnection.waitForCommands(ClientServerConnection.java:182)
	at py4j.ClientServerConnection.run(ClientServerConnection.java:106)
	at java.base/java.lang.Thread.run(Thread.java:833)


2025-04-08 09:03:26,259 - ERROR - Error processing br_movie_languages: An error occurred while calling o412.and. Trace:
py4j.Py4JException: Method and([class java.lang.Boolean]) does not exist
	at py4j.reflection.ReflectionEngine.getMethod(ReflectionEngine.java:321)
	at py4j.reflection.ReflectionEngine.getMethod(ReflectionEngine.java:329)
	at py4j.Gateway.invoke(Gateway.java:274)
	at py4j.commands.AbstractCommand.invokeMethod(AbstractCommand.java:132)
	at py4j.commands.CallCommand.execute(CallCommand.java:79)
	at py4j.ClientServerConnection.waitForCommands(ClientServerConnection.java:182)
	at py4j.ClientServerConnection.run(ClientServerConnection.java:106)
	at java.base/java.lang.Thread.run(Thread.java:833)


2025-04-08 09:03:26,365 - INFO - Closing down clientserver connection
2025-04-08 09:10:45,175 - INFO - dim_date successfully upserted to MySQL.
2025-04-08 09:10:45,577 - INFO - dim_genre successfully upserted to MySQL.
2025-04-08 09:10:46,059 - INFO - dim_production_company successfully upserted to MySQL.
2025-04-08 09:10:46,582 - INFO - dim_production_countries successfully upserted to MySQL.
2025-04-08 09:10:47,623 - INFO - dim_spoken_language successfully upserted to MySQL.
2025-04-08 09:10:47,869 - INFO - fact_movies successfully upserted to MySQL.
2025-04-08 09:10:47,985 - INFO - dim_ratings successfully upserted to MySQL.
2025-04-08 09:10:48,539 - INFO - br_movie_genres successfully upserted to MySQL.
2025-04-08 09:10:49,026 - INFO - br_movie_companies successfully upserted to MySQL.
2025-04-08 09:10:49,557 - INFO - br_movie_countries successfully upserted to MySQL.
2025-04-08 09:10:50,041 - INFO - br_movie_languages successfully upserted to MySQL.
2025-04-08 09:10:51,009 - INFO - Closing down clientserver connection
2025-04-08 10:09:05,285 - INFO - dim_date successfully upserted to MySQL.
2025-04-08 10:09:05,646 - INFO - dim_genre successfully upserted to MySQL.
2025-04-08 10:09:06,056 - INFO - dim_production_company successfully upserted to MySQL.
2025-04-08 10:09:06,506 - INFO - dim_production_countries successfully upserted to MySQL.
2025-04-08 10:09:07,498 - INFO - dim_spoken_language successfully upserted to MySQL.
2025-04-08 10:09:07,795 - INFO - fact_movies successfully upserted to MySQL.
2025-04-08 10:09:07,982 - INFO - dim_ratings successfully upserted to MySQL.
2025-04-08 10:09:08,603 - INFO - br_movie_genres successfully upserted to MySQL.
2025-04-08 10:09:09,125 - INFO - br_movie_companies successfully upserted to MySQL.
2025-04-08 10:09:09,733 - INFO - br_movie_countries successfully upserted to MySQL.
2025-04-08 10:09:10,260 - INFO - br_movie_languages successfully upserted to MySQL.
2025-04-08 10:09:11,225 - INFO - Closing down clientserver connection
